<?xml version="1.0" encoding="UTF-8"?>
<!-- Generated by org.testng.reporters.JUnitXMLReporter -->
<testsuite hostname="DLDA1809" ignored="0" name="Default test" tests="3" failures="0" timestamp="12 Feb 2018 10:44:20 GMT" time="12.22" errors="0">
  <testcase name="urlInitiation" time="5.982" classname="com.qa.project.ddm.main.Main"/>
  <testcase name="translatorSetUp" time="0.63" classname="com.qa.project.ddm.main.Main"/>
  <testcase name="readContent" time="5.589" classname="com.qa.project.ddm.main.Main"/>
</testsuite> <!-- Default test -->
